{"/Volumes/Mac T7/Projects/getransfr/getransfr-client/src/components/ThemeProvider.tsx": {"path":"/Volumes/Mac T7/Projects/getransfr/getransfr-client/src/components/ThemeProvider.tsx","statementMap":{"0":{"start":{"line":16,"column":6},"end":{"line":16,"column":null}},"1":{"start":{"line":24,"column":24},"end":{"line":26,"column":null}},"2":{"start":{"line":25,"column":11},"end":{"line":25,"column":null}},"3":{"start":{"line":28,"column":2},"end":{"line":44,"column":null}},"4":{"start":{"line":29,"column":17},"end":{"line":29,"column":null}},"5":{"start":{"line":31,"column":4},"end":{"line":31,"column":null}},"6":{"start":{"line":33,"column":4},"end":{"line":41,"column":null}},"7":{"start":{"line":34,"column":26},"end":{"line":37,"column":null}},"8":{"start":{"line":39,"column":6},"end":{"line":39,"column":null}},"9":{"start":{"line":40,"column":6},"end":{"line":40,"column":null}},"10":{"start":{"line":43,"column":4},"end":{"line":43,"column":null}},"11":{"start":{"line":46,"column":16},"end":{"line":52,"column":null}},"12":{"start":{"line":49,"column":6},"end":{"line":49,"column":null}},"13":{"start":{"line":50,"column":6},"end":{"line":50,"column":null}},"14":{"start":{"line":54,"column":2},"end":{"line":57,"column":null}},"15":{"start":{"line":61,"column":24},"end":{"line":68,"column":null}},"16":{"start":{"line":62,"column":8},"end":{"line":62,"column":null}},"17":{"start":{"line":64,"column":2},"end":{"line":65,"column":null}},"18":{"start":{"line":65,"column":4},"end":{"line":65,"column":null}},"19":{"start":{"line":67,"column":2},"end":{"line":67,"column":null}}},"fnMap":{"0":{"name":"ThemeProvider","decl":{"start":{"line":18,"column":16},"end":{"line":18,"column":30}},"loc":{"start":{"line":23,"column":23},"end":{"line":59,"column":null}},"line":23},"1":{"name":"(anonymous_1)","decl":{"start":{"line":25,"column":4},"end":{"line":25,"column":11}},"loc":{"start":{"line":25,"column":11},"end":{"line":25,"column":null}},"line":25},"2":{"name":"(anonymous_2)","decl":{"start":{"line":28,"column":12},"end":{"line":28,"column":18}},"loc":{"start":{"line":28,"column":18},"end":{"line":44,"column":5}},"line":28},"3":{"name":"(anonymous_3)","decl":{"start":{"line":48,"column":14},"end":{"line":48,"column":15}},"loc":{"start":{"line":48,"column":32},"end":{"line":51,"column":null}},"line":48},"4":{"name":"(anonymous_4)","decl":{"start":{"line":61,"column":24},"end":{"line":61,"column":30}},"loc":{"start":{"line":61,"column":30},"end":{"line":68,"column":null}},"line":61}},"branchMap":{"0":{"loc":{"start":{"line":20,"column":2},"end":{"line":20,"column":null}},"type":"default-arg","locations":[{"start":{"line":20,"column":17},"end":{"line":20,"column":null}}],"line":20},"1":{"loc":{"start":{"line":21,"column":2},"end":{"line":21,"column":null}},"type":"default-arg","locations":[{"start":{"line":21,"column":15},"end":{"line":21,"column":null}}],"line":21},"2":{"loc":{"start":{"line":25,"column":11},"end":{"line":25,"column":null}},"type":"binary-expr","locations":[{"start":{"line":25,"column":11},"end":{"line":25,"column":57}},{"start":{"line":25,"column":57},"end":{"line":25,"column":null}}],"line":25},"3":{"loc":{"start":{"line":33,"column":4},"end":{"line":41,"column":null}},"type":"if","locations":[{"start":{"line":33,"column":4},"end":{"line":41,"column":null}},{"start":{},"end":{}}],"line":33},"4":{"loc":{"start":{"line":34,"column":26},"end":{"line":37,"column":null}},"type":"cond-expr","locations":[{"start":{"line":36,"column":10},"end":{"line":36,"column":null}},{"start":{"line":37,"column":10},"end":{"line":37,"column":null}}],"line":34},"5":{"loc":{"start":{"line":64,"column":2},"end":{"line":65,"column":null}},"type":"if","locations":[{"start":{"line":64,"column":2},"end":{"line":65,"column":null}},{"start":{},"end":{}}],"line":64}},"s":{"0":1,"1":4,"2":3,"3":4,"4":4,"5":4,"6":4,"7":1,"8":1,"9":1,"10":3,"11":4,"12":1,"13":1,"14":4,"15":1,"16":4,"17":4,"18":2,"19":2},"f":{"0":4,"1":3,"2":4,"3":1,"4":4},"b":{"0":[4],"1":[4],"2":[3,3],"3":[1,3],"4":[0,1],"5":[2,2]},"meta":{"lastBranch":6,"lastFunction":5,"lastStatement":20,"seen":{"s:16:6:16:Infinity":0,"f:18:16:18:30":0,"b:20:17:20:Infinity":0,"b:21:15:21:Infinity":1,"s:24:24:26:Infinity":1,"f:25:4:25:11":1,"s:25:11:25:Infinity":2,"b:25:11:25:57:25:57:25:Infinity":2,"s:28:2:44:Infinity":3,"f:28:12:28:18":2,"s:29:17:29:Infinity":4,"s:31:4:31:Infinity":5,"b:33:4:41:Infinity:undefined:undefined:undefined:undefined":3,"s:33:4:41:Infinity":6,"s:34:26:37:Infinity":7,"b:36:10:36:Infinity:37:10:37:Infinity":4,"s:39:6:39:Infinity":8,"s:40:6:40:Infinity":9,"s:43:4:43:Infinity":10,"s:46:16:52:Infinity":11,"f:48:14:48:15":3,"s:49:6:49:Infinity":12,"s:50:6:50:Infinity":13,"s:54:2:57:Infinity":14,"s:61:24:68:Infinity":15,"f:61:24:61:30":4,"s:62:8:62:Infinity":16,"b:64:2:65:Infinity:undefined:undefined:undefined:undefined":5,"s:64:2:65:Infinity":17,"s:65:4:65:Infinity":18,"s:67:2:67:Infinity":19}}}
,"/Volumes/Mac T7/Projects/getransfr/getransfr-client/src/components/devices/DeviceList.tsx": {"path":"/Volumes/Mac T7/Projects/getransfr/getransfr-client/src/components/devices/DeviceList.tsx","statementMap":{"0":{"start":{"line":21,"column":24},"end":{"line":32,"column":null}},"1":{"start":{"line":25,"column":10},"end":{"line":28,"column":null}},"2":{"start":{"line":30,"column":23},"end":{"line":30,"column":42}},"3":{"start":{"line":34,"column":26},"end":{"line":46,"column":null}},"4":{"start":{"line":35,"column":4},"end":{"line":38,"column":null}},"5":{"start":{"line":36,"column":6},"end":{"line":36,"column":null}},"6":{"start":{"line":37,"column":6},"end":{"line":37,"column":null}},"7":{"start":{"line":40,"column":4},"end":{"line":45,"column":null}},"8":{"start":{"line":41,"column":6},"end":{"line":41,"column":null}},"9":{"start":{"line":43,"column":6},"end":{"line":43,"column":null}},"10":{"start":{"line":44,"column":6},"end":{"line":44,"column":null}},"11":{"start":{"line":48,"column":2},"end":{"line":116,"column":null}},"12":{"start":{"line":82,"column":12},"end":{"line":111,"column":null}},"13":{"start":{"line":85,"column":29},"end":{"line":85,"column":null}}},"fnMap":{"0":{"name":"DeviceList","decl":{"start":{"line":14,"column":16},"end":{"line":14,"column":27}},"loc":{"start":{"line":20,"column":20},"end":{"line":118,"column":null}},"line":20},"1":{"name":"(anonymous_1)","decl":{"start":{"line":24,"column":16},"end":{"line":24,"column":null}},"loc":{"start":{"line":25,"column":10},"end":{"line":28,"column":null}},"line":25},"2":{"name":"(anonymous_2)","decl":{"start":{"line":30,"column":13},"end":{"line":30,"column":23}},"loc":{"start":{"line":30,"column":23},"end":{"line":30,"column":42}},"line":30},"3":{"name":"(anonymous_3)","decl":{"start":{"line":34,"column":26},"end":{"line":34,"column":33}},"loc":{"start":{"line":34,"column":52},"end":{"line":46,"column":null}},"line":34},"4":{"name":"(anonymous_4)","decl":{"start":{"line":81,"column":29},"end":{"line":81,"column":null}},"loc":{"start":{"line":82,"column":12},"end":{"line":111,"column":null}},"line":82},"5":{"name":"(anonymous_5)","decl":{"start":{"line":85,"column":23},"end":{"line":85,"column":29}},"loc":{"start":{"line":85,"column":29},"end":{"line":85,"column":null}},"line":85}},"branchMap":{"0":{"loc":{"start":{"line":25,"column":10},"end":{"line":28,"column":null}},"type":"binary-expr","locations":[{"start":{"line":25,"column":10},"end":{"line":25,"column":null}},{"start":{"line":26,"column":10},"end":{"line":26,"column":null}},{"start":{"line":27,"column":10},"end":{"line":27,"column":null}},{"start":{"line":28,"column":10},"end":{"line":28,"column":null}}],"line":25},"1":{"loc":{"start":{"line":35,"column":4},"end":{"line":38,"column":null}},"type":"if","locations":[{"start":{"line":35,"column":4},"end":{"line":38,"column":null}},{"start":{},"end":{}}],"line":35},"2":{"loc":{"start":{"line":58,"column":9},"end":{"line":113,"column":null}},"type":"cond-expr","locations":[{"start":{"line":59,"column":10},"end":{"line":78,"column":null}},{"start":{"line":80,"column":8},"end":{"line":113,"column":null}}],"line":58},"3":{"loc":{"start":{"line":106,"column":26},"end":{"line":106,"column":null}},"type":"binary-expr","locations":[{"start":{"line":106,"column":26},"end":{"line":106,"column":56}},{"start":{"line":106,"column":56},"end":{"line":106,"column":null}}],"line":106}},"s":{"0":6,"1":9,"2":8,"3":6,"4":1,"5":0,"6":0,"7":1,"8":1,"9":0,"10":0,"11":6,"12":8,"13":1},"f":{"0":6,"1":9,"2":8,"3":1,"4":8,"5":1},"b":{"0":[9,8,8,8],"1":[0,1],"2":[1,5],"3":[8,3]},"meta":{"lastBranch":4,"lastFunction":6,"lastStatement":14,"seen":{"f:14:16:14:27":0,"s:21:24:32:Infinity":0,"f:24:16:24:Infinity":1,"s:25:10:28:Infinity":1,"b:25:10:25:Infinity:26:10:26:Infinity:27:10:27:Infinity:28:10:28:Infinity":0,"f:30:13:30:23":2,"s:30:23:30:42":2,"s:34:26:46:Infinity":3,"f:34:26:34:33":3,"b:35:4:38:Infinity:undefined:undefined:undefined:undefined":1,"s:35:4:38:Infinity":4,"s:36:6:36:Infinity":5,"s:37:6:37:Infinity":6,"s:40:4:45:Infinity":7,"s:41:6:41:Infinity":8,"s:43:6:43:Infinity":9,"s:44:6:44:Infinity":10,"s:48:2:116:Infinity":11,"b:59:10:78:Infinity:80:8:113:Infinity":2,"f:81:29:81:Infinity":4,"s:82:12:111:Infinity":12,"f:85:23:85:29":5,"s:85:29:85:Infinity":13,"b:106:26:106:56:106:56:106:Infinity":3}}}
,"/Volumes/Mac T7/Projects/getransfr/getransfr-client/src/components/files/FileTypeIcon.tsx": {"path":"/Volumes/Mac T7/Projects/getransfr/getransfr-client/src/components/files/FileTypeIcon.tsx","statementMap":{"0":{"start":{"line":9,"column":2},"end":{"line":9,"column":null}},"1":{"start":{"line":9,"column":37},"end":{"line":9,"column":null}},"2":{"start":{"line":10,"column":2},"end":{"line":10,"column":null}},"3":{"start":{"line":10,"column":37},"end":{"line":10,"column":null}},"4":{"start":{"line":11,"column":2},"end":{"line":11,"column":null}},"5":{"start":{"line":11,"column":37},"end":{"line":11,"column":null}},"6":{"start":{"line":12,"column":2},"end":{"line":12,"column":null}},"7":{"start":{"line":12,"column":36},"end":{"line":12,"column":null}},"8":{"start":{"line":13,"column":2},"end":{"line":13,"column":null}},"9":{"start":{"line":13,"column":60},"end":{"line":13,"column":null}},"10":{"start":{"line":14,"column":2},"end":{"line":14,"column":null}}},"fnMap":{"0":{"name":"FileTypeIcon","decl":{"start":{"line":8,"column":16},"end":{"line":8,"column":29}},"loc":{"start":{"line":8,"column":85},"end":{"line":15,"column":null}},"line":8}},"branchMap":{"0":{"loc":{"start":{"line":8,"column":41},"end":{"line":8,"column":63}},"type":"default-arg","locations":[{"start":{"line":8,"column":53},"end":{"line":8,"column":63}}],"line":8},"1":{"loc":{"start":{"line":9,"column":2},"end":{"line":9,"column":null}},"type":"if","locations":[{"start":{"line":9,"column":2},"end":{"line":9,"column":null}},{"start":{},"end":{}}],"line":9},"2":{"loc":{"start":{"line":10,"column":2},"end":{"line":10,"column":null}},"type":"if","locations":[{"start":{"line":10,"column":2},"end":{"line":10,"column":null}},{"start":{},"end":{}}],"line":10},"3":{"loc":{"start":{"line":11,"column":2},"end":{"line":11,"column":null}},"type":"if","locations":[{"start":{"line":11,"column":2},"end":{"line":11,"column":null}},{"start":{},"end":{}}],"line":11},"4":{"loc":{"start":{"line":12,"column":2},"end":{"line":12,"column":null}},"type":"if","locations":[{"start":{"line":12,"column":2},"end":{"line":12,"column":null}},{"start":{},"end":{}}],"line":12},"5":{"loc":{"start":{"line":13,"column":2},"end":{"line":13,"column":null}},"type":"if","locations":[{"start":{"line":13,"column":2},"end":{"line":13,"column":null}},{"start":{},"end":{}}],"line":13},"6":{"loc":{"start":{"line":13,"column":6},"end":{"line":13,"column":60}},"type":"binary-expr","locations":[{"start":{"line":13,"column":6},"end":{"line":13,"column":34}},{"start":{"line":13,"column":34},"end":{"line":13,"column":60}}],"line":13}},"s":{"0":13,"1":4,"2":9,"3":9,"4":8,"5":8,"6":7,"7":7,"8":4,"9":1,"10":3},"f":{"0":13},"b":{"0":[13],"1":[4,9],"2":[1,8],"3":[1,7],"4":[3,4],"5":[1,3],"6":[4,3]},"meta":{"lastBranch":7,"lastFunction":1,"lastStatement":11,"seen":{"f:8:16:8:29":0,"b:8:53:8:63":0,"b:9:2:9:Infinity:undefined:undefined:undefined:undefined":1,"s:9:2:9:Infinity":0,"s:9:37:9:Infinity":1,"b:10:2:10:Infinity:undefined:undefined:undefined:undefined":2,"s:10:2:10:Infinity":2,"s:10:37:10:Infinity":3,"b:11:2:11:Infinity:undefined:undefined:undefined:undefined":3,"s:11:2:11:Infinity":4,"s:11:37:11:Infinity":5,"b:12:2:12:Infinity:undefined:undefined:undefined:undefined":4,"s:12:2:12:Infinity":6,"s:12:36:12:Infinity":7,"b:13:2:13:Infinity:undefined:undefined:undefined:undefined":5,"s:13:2:13:Infinity":8,"b:13:6:13:34:13:34:13:60":6,"s:13:60:13:Infinity":9,"s:14:2:14:Infinity":10}}}
,"/Volumes/Mac T7/Projects/getransfr/getransfr-client/src/components/files/FileUpload.tsx": {"path":"/Volumes/Mac T7/Projects/getransfr/getransfr-client/src/components/files/FileUpload.tsx","statementMap":{"0":{"start":{"line":12,"column":34},"end":{"line":12,"column":null}},"1":{"start":{"line":13,"column":34},"end":{"line":13,"column":null}},"2":{"start":{"line":15,"column":24},"end":{"line":21,"column":null}},"3":{"start":{"line":16,"column":4},"end":{"line":20,"column":null}},"4":{"start":{"line":17,"column":18},"end":{"line":17,"column":null}},"5":{"start":{"line":18,"column":6},"end":{"line":18,"column":null}},"6":{"start":{"line":19,"column":6},"end":{"line":19,"column":null}},"7":{"start":{"line":19,"column":19},"end":{"line":19,"column":null}},"8":{"start":{"line":23,"column":2},"end":{"line":28,"column":null}},"9":{"start":{"line":24,"column":4},"end":{"line":27,"column":null}},"10":{"start":{"line":25,"column":22},"end":{"line":25,"column":null}},"11":{"start":{"line":26,"column":6},"end":{"line":26,"column":null}},"12":{"start":{"line":30,"column":25},"end":{"line":33,"column":null}},"13":{"start":{"line":31,"column":4},"end":{"line":31,"column":null}},"14":{"start":{"line":32,"column":4},"end":{"line":32,"column":null}},"15":{"start":{"line":35,"column":26},"end":{"line":38,"column":null}},"16":{"start":{"line":36,"column":4},"end":{"line":36,"column":null}},"17":{"start":{"line":37,"column":4},"end":{"line":37,"column":null}},"18":{"start":{"line":40,"column":21},"end":{"line":57,"column":null}},"19":{"start":{"line":41,"column":4},"end":{"line":41,"column":null}},"20":{"start":{"line":42,"column":4},"end":{"line":42,"column":null}},"21":{"start":{"line":44,"column":4},"end":{"line":56,"column":null}},"22":{"start":{"line":45,"column":23},"end":{"line":45,"column":null}},"23":{"start":{"line":46,"column":25},"end":{"line":46,"column":null}},"24":{"start":{"line":46,"column":49},"end":{"line":46,"column":62}},"25":{"start":{"line":48,"column":6},"end":{"line":55,"column":null}},"26":{"start":{"line":49,"column":22},"end":{"line":53,"column":null}},"27":{"start":{"line":54,"column":8},"end":{"line":54,"column":null}},"28":{"start":{"line":59,"column":2},"end":{"line":132,"column":null}},"29":{"start":{"line":77,"column":23},"end":{"line":77,"column":null}},"30":{"start":{"line":113,"column":14},"end":{"line":127,"column":null}},"31":{"start":{"line":122,"column":33},"end":{"line":122,"column":null}}},"fnMap":{"0":{"name":"FileUpload","decl":{"start":{"line":11,"column":16},"end":{"line":11,"column":27}},"loc":{"start":{"line":11,"column":91},"end":{"line":134,"column":null}},"line":11},"1":{"name":"(anonymous_1)","decl":{"start":{"line":15,"column":24},"end":{"line":15,"column":25}},"loc":{"start":{"line":15,"column":40},"end":{"line":21,"column":null}},"line":15},"2":{"name":"(anonymous_2)","decl":{"start":{"line":19,"column":13},"end":{"line":19,"column":19}},"loc":{"start":{"line":19,"column":19},"end":{"line":19,"column":null}},"line":19},"3":{"name":"(anonymous_3)","decl":{"start":{"line":23,"column":12},"end":{"line":23,"column":18}},"loc":{"start":{"line":23,"column":18},"end":{"line":28,"column":5}},"line":23},"4":{"name":"(anonymous_4)","decl":{"start":{"line":30,"column":25},"end":{"line":30,"column":26}},"loc":{"start":{"line":30,"column":49},"end":{"line":33,"column":null}},"line":30},"5":{"name":"(anonymous_5)","decl":{"start":{"line":35,"column":26},"end":{"line":35,"column":27}},"loc":{"start":{"line":35,"column":50},"end":{"line":38,"column":null}},"line":35},"6":{"name":"(anonymous_6)","decl":{"start":{"line":40,"column":21},"end":{"line":40,"column":22}},"loc":{"start":{"line":40,"column":45},"end":{"line":57,"column":null}},"line":40},"7":{"name":"(anonymous_7)","decl":{"start":{"line":46,"column":41},"end":{"line":46,"column":49}},"loc":{"start":{"line":46,"column":49},"end":{"line":46,"column":62}},"line":46},"8":{"name":"(anonymous_8)","decl":{"start":{"line":77,"column":17},"end":{"line":77,"column":23}},"loc":{"start":{"line":77,"column":23},"end":{"line":77,"column":null}},"line":77},"9":{"name":"(anonymous_9)","decl":{"start":{"line":112,"column":31},"end":{"line":112,"column":32}},"loc":{"start":{"line":113,"column":14},"end":{"line":127,"column":null}},"line":113},"10":{"name":"(anonymous_10)","decl":{"start":{"line":122,"column":27},"end":{"line":122,"column":33}},"loc":{"start":{"line":122,"column":33},"end":{"line":122,"column":null}},"line":122}},"branchMap":{"0":{"loc":{"start":{"line":16,"column":4},"end":{"line":20,"column":null}},"type":"if","locations":[{"start":{"line":16,"column":4},"end":{"line":20,"column":null}},{"start":{},"end":{}}],"line":16},"1":{"loc":{"start":{"line":24,"column":4},"end":{"line":27,"column":null}},"type":"if","locations":[{"start":{"line":24,"column":4},"end":{"line":27,"column":null}},{"start":{},"end":{}}],"line":24},"2":{"loc":{"start":{"line":24,"column":8},"end":{"line":24,"column":80}},"type":"binary-expr","locations":[{"start":{"line":24,"column":8},"end":{"line":24,"column":36}},{"start":{"line":24,"column":36},"end":{"line":24,"column":80}}],"line":24},"3":{"loc":{"start":{"line":44,"column":4},"end":{"line":56,"column":null}},"type":"if","locations":[{"start":{"line":44,"column":4},"end":{"line":56,"column":null}},{"start":{},"end":{}}],"line":44},"4":{"loc":{"start":{"line":48,"column":6},"end":{"line":55,"column":null}},"type":"if","locations":[{"start":{"line":48,"column":6},"end":{"line":55,"column":null}},{"start":{},"end":{}}],"line":48},"5":{"loc":{"start":{"line":70,"column":10},"end":{"line":72,"column":null}},"type":"cond-expr","locations":[{"start":{"line":71,"column":12},"end":{"line":71,"column":null}},{"start":{"line":72,"column":12},"end":{"line":72,"column":null}}],"line":70},"6":{"loc":{"start":{"line":91,"column":183},"end":{"line":91,"column":215}},"type":"binary-expr","locations":[{"start":{"line":91,"column":183},"end":{"line":91,"column":198}},{"start":{"line":91,"column":198},"end":{"line":91,"column":215}}],"line":91},"7":{"loc":{"start":{"line":95,"column":13},"end":{"line":95,"column":null}},"type":"cond-expr","locations":[{"start":{"line":95,"column":26},"end":{"line":95,"column":46}},{"start":{"line":95,"column":46},"end":{"line":95,"column":null}}],"line":95},"8":{"loc":{"start":{"line":103,"column":7},"end":{"line":130,"column":null}},"type":"binary-expr","locations":[{"start":{"line":103,"column":7},"end":{"line":103,"column":null}},{"start":{"line":104,"column":8},"end":{"line":130,"column":null}}],"line":103},"9":{"loc":{"start":{"line":105,"column":11},"end":{"line":109,"column":null}},"type":"binary-expr","locations":[{"start":{"line":105,"column":11},"end":{"line":105,"column":null}},{"start":{"line":106,"column":12},"end":{"line":109,"column":null}}],"line":105}},"s":{"0":9,"1":9,"2":9,"3":0,"4":0,"5":0,"6":0,"7":0,"8":9,"9":7,"10":0,"11":0,"12":9,"13":1,"14":1,"15":9,"16":1,"17":1,"18":9,"19":0,"20":0,"21":0,"22":0,"23":0,"24":0,"25":0,"26":0,"27":0,"28":9,"29":0,"30":5,"31":1},"f":{"0":9,"1":0,"2":0,"3":7,"4":1,"5":1,"6":0,"7":0,"8":0,"9":5,"10":1},"b":{"0":[0,0],"1":[0,7],"2":[7,3],"3":[0,0],"4":[0,0],"5":[1,8],"6":[9,8],"7":[1,8],"8":[9,3],"9":[3,0]},"meta":{"lastBranch":10,"lastFunction":11,"lastStatement":32,"seen":{"f:11:16:11:27":0,"s:12:34:12:Infinity":0,"s:13:34:13:Infinity":1,"s:15:24:21:Infinity":2,"f:15:24:15:25":1,"b:16:4:20:Infinity:undefined:undefined:undefined:undefined":0,"s:16:4:20:Infinity":3,"s:17:18:17:Infinity":4,"s:18:6:18:Infinity":5,"s:19:6:19:Infinity":6,"f:19:13:19:19":2,"s:19:19:19:Infinity":7,"s:23:2:28:Infinity":8,"f:23:12:23:18":3,"b:24:4:27:Infinity:undefined:undefined:undefined:undefined":1,"s:24:4:27:Infinity":9,"b:24:8:24:36:24:36:24:80":2,"s:25:22:25:Infinity":10,"s:26:6:26:Infinity":11,"s:30:25:33:Infinity":12,"f:30:25:30:26":4,"s:31:4:31:Infinity":13,"s:32:4:32:Infinity":14,"s:35:26:38:Infinity":15,"f:35:26:35:27":5,"s:36:4:36:Infinity":16,"s:37:4:37:Infinity":17,"s:40:21:57:Infinity":18,"f:40:21:40:22":6,"s:41:4:41:Infinity":19,"s:42:4:42:Infinity":20,"b:44:4:56:Infinity:undefined:undefined:undefined:undefined":3,"s:44:4:56:Infinity":21,"s:45:23:45:Infinity":22,"s:46:25:46:Infinity":23,"f:46:41:46:49":7,"s:46:49:46:62":24,"b:48:6:55:Infinity:undefined:undefined:undefined:undefined":4,"s:48:6:55:Infinity":25,"s:49:22:53:Infinity":26,"s:54:8:54:Infinity":27,"s:59:2:132:Infinity":28,"b:71:12:71:Infinity:72:12:72:Infinity":5,"f:77:17:77:23":8,"s:77:23:77:Infinity":29,"b:91:183:91:198:91:198:91:215":6,"b:95:26:95:46:95:46:95:Infinity":7,"b:103:7:103:Infinity:104:8:130:Infinity":8,"b:105:11:105:Infinity:106:12:109:Infinity":9,"f:112:31:112:32":9,"s:113:14:127:Infinity":30,"f:122:27:122:33":10,"s:122:33:122:Infinity":31}}}
,"/Volumes/Mac T7/Projects/getransfr/getransfr-client/src/components/files/TransferHistory.tsx": {"path":"/Volumes/Mac T7/Projects/getransfr/getransfr-client/src/components/files/TransferHistory.tsx","statementMap":{"0":{"start":{"line":16,"column":28},"end":{"line":16,"column":null}},"1":{"start":{"line":18,"column":2},"end":{"line":26,"column":null}},"2":{"start":{"line":19,"column":25},"end":{"line":19,"column":null}},"3":{"start":{"line":20,"column":4},"end":{"line":25,"column":null}},"4":{"start":{"line":21,"column":6},"end":{"line":24,"column":null}},"5":{"start":{"line":21,"column":75},"end":{"line":24,"column":8}},"6":{"start":{"line":28,"column":2},"end":{"line":44,"column":null}},"7":{"start":{"line":33,"column":10},"end":{"line":41,"column":null}}},"fnMap":{"0":{"name":"TransferHistory","decl":{"start":{"line":15,"column":16},"end":{"line":15,"column":34}},"loc":{"start":{"line":15,"column":34},"end":{"line":46,"column":null}},"line":15},"1":{"name":"(anonymous_1)","decl":{"start":{"line":18,"column":12},"end":{"line":18,"column":18}},"loc":{"start":{"line":18,"column":18},"end":{"line":26,"column":5}},"line":18},"2":{"name":"(anonymous_2)","decl":{"start":{"line":21,"column":46},"end":{"line":21,"column":47}},"loc":{"start":{"line":21,"column":75},"end":{"line":24,"column":8}},"line":21},"3":{"name":"(anonymous_3)","decl":{"start":{"line":32,"column":21},"end":{"line":32,"column":null}},"loc":{"start":{"line":33,"column":10},"end":{"line":41,"column":null}},"line":33}},"branchMap":{"0":{"loc":{"start":{"line":20,"column":4},"end":{"line":25,"column":null}},"type":"if","locations":[{"start":{"line":20,"column":4},"end":{"line":25,"column":null}},{"start":{},"end":{}}],"line":20},"1":{"loc":{"start":{"line":38,"column":17},"end":{"line":38,"column":70}},"type":"cond-expr","locations":[{"start":{"line":38,"column":42},"end":{"line":38,"column":54}},{"start":{"line":38,"column":54},"end":{"line":38,"column":70}}],"line":38}},"s":{"0":3,"1":3,"2":2,"3":2,"4":1,"5":2,"6":3,"7":2},"f":{"0":3,"1":2,"2":2,"3":2},"b":{"0":[1,1],"1":[1,1]},"meta":{"lastBranch":2,"lastFunction":4,"lastStatement":8,"seen":{"f:15:16:15:34":0,"s:16:28:16:Infinity":0,"s:18:2:26:Infinity":1,"f:18:12:18:18":1,"s:19:25:19:Infinity":2,"b:20:4:25:Infinity:undefined:undefined:undefined:undefined":0,"s:20:4:25:Infinity":3,"s:21:6:24:Infinity":4,"f:21:46:21:47":2,"s:21:75:24:8":5,"s:28:2:44:Infinity":6,"f:32:21:32:Infinity":3,"s:33:10:41:Infinity":7,"b:38:42:38:54:38:54:38:70":1}}}
,"/Volumes/Mac T7/Projects/getransfr/getransfr-client/src/components/files/TransferProgress.tsx": {"path":"/Volumes/Mac T7/Projects/getransfr/getransfr-client/src/components/files/TransferProgress.tsx","statementMap":{"0":{"start":{"line":20,"column":32},"end":{"line":20,"column":null}},"1":{"start":{"line":21,"column":36},"end":{"line":21,"column":null}},"2":{"start":{"line":23,"column":22},"end":{"line":29,"column":null}},"3":{"start":{"line":24,"column":4},"end":{"line":24,"column":null}},"4":{"start":{"line":24,"column":30},"end":{"line":24,"column":null}},"5":{"start":{"line":25,"column":4},"end":{"line":27,"column":null}},"6":{"start":{"line":26,"column":6},"end":{"line":26,"column":null}},"7":{"start":{"line":28,"column":4},"end":{"line":28,"column":null}},"8":{"start":{"line":31,"column":23},"end":{"line":39,"column":null}},"9":{"start":{"line":32,"column":4},"end":{"line":32,"column":null}},"10":{"start":{"line":32,"column":20},"end":{"line":32,"column":null}},"11":{"start":{"line":33,"column":27},"end":{"line":33,"column":null}},"12":{"start":{"line":34,"column":20},"end":{"line":34,"column":null}},"13":{"start":{"line":36,"column":4},"end":{"line":36,"column":null}},"14":{"start":{"line":36,"column":22},"end":{"line":36,"column":null}},"15":{"start":{"line":37,"column":4},"end":{"line":37,"column":null}},"16":{"start":{"line":37,"column":24},"end":{"line":37,"column":null}},"17":{"start":{"line":38,"column":4},"end":{"line":38,"column":null}},"18":{"start":{"line":41,"column":2},"end":{"line":115,"column":null}},"19":{"start":{"line":43,"column":32},"end":{"line":52,"column":null}},"20":{"start":{"line":44,"column":6},"end":{"line":51,"column":null}},"21":{"start":{"line":44,"column":27},"end":{"line":51,"column":8}},"22":{"start":{"line":54,"column":35},"end":{"line":82,"column":null}},"23":{"start":{"line":55,"column":6},"end":{"line":81,"column":null}},"24":{"start":{"line":56,"column":25},"end":{"line":56,"column":null}},"25":{"start":{"line":57,"column":8},"end":{"line":79,"column":null}},"26":{"start":{"line":58,"column":25},"end":{"line":58,"column":null}},"27":{"start":{"line":59,"column":10},"end":{"line":65,"column":null}},"28":{"start":{"line":68,"column":10},"end":{"line":76,"column":null}},"29":{"start":{"line":69,"column":12},"end":{"line":75,"column":null}},"30":{"start":{"line":70,"column":14},"end":{"line":74,"column":null}},"31":{"start":{"line":71,"column":32},"end":{"line":71,"column":null}},"32":{"start":{"line":72,"column":16},"end":{"line":72,"column":null}},"33":{"start":{"line":73,"column":16},"end":{"line":73,"column":null}},"34":{"start":{"line":78,"column":10},"end":{"line":78,"column":null}},"35":{"start":{"line":80,"column":8},"end":{"line":80,"column":null}},"36":{"start":{"line":84,"column":36},"end":{"line":90,"column":null}},"37":{"start":{"line":85,"column":6},"end":{"line":89,"column":null}},"38":{"start":{"line":86,"column":23},"end":{"line":86,"column":null}},"39":{"start":{"line":87,"column":8},"end":{"line":87,"column":null}},"40":{"start":{"line":88,"column":8},"end":{"line":88,"column":null}},"41":{"start":{"line":93,"column":30},"end":{"line":102,"column":null}},"42":{"start":{"line":94,"column":6},"end":{"line":101,"column":null}},"43":{"start":{"line":104,"column":4},"end":{"line":104,"column":null}},"44":{"start":{"line":105,"column":4},"end":{"line":105,"column":null}},"45":{"start":{"line":106,"column":4},"end":{"line":106,"column":null}},"46":{"start":{"line":107,"column":4},"end":{"line":107,"column":null}},"47":{"start":{"line":109,"column":4},"end":{"line":114,"column":null}},"48":{"start":{"line":110,"column":6},"end":{"line":110,"column":null}},"49":{"start":{"line":111,"column":6},"end":{"line":111,"column":null}},"50":{"start":{"line":112,"column":6},"end":{"line":112,"column":null}},"51":{"start":{"line":113,"column":6},"end":{"line":113,"column":null}},"52":{"start":{"line":117,"column":31},"end":{"line":126,"column":null}},"53":{"start":{"line":118,"column":4},"end":{"line":120,"column":null}},"54":{"start":{"line":121,"column":4},"end":{"line":125,"column":null}},"55":{"start":{"line":122,"column":21},"end":{"line":122,"column":null}},"56":{"start":{"line":123,"column":6},"end":{"line":123,"column":null}},"57":{"start":{"line":124,"column":6},"end":{"line":124,"column":null}},"58":{"start":{"line":129,"column":2},"end":{"line":133,"column":null}},"59":{"start":{"line":130,"column":4},"end":{"line":132,"column":null}},"60":{"start":{"line":131,"column":6},"end":{"line":131,"column":null}},"61":{"start":{"line":135,"column":2},"end":{"line":135,"column":null}},"62":{"start":{"line":135,"column":46},"end":{"line":135,"column":null}},"63":{"start":{"line":137,"column":2},"end":{"line":216,"column":null}},"64":{"start":{"line":181,"column":10},"end":{"line":213,"column":null}},"65":{"start":{"line":194,"column":33},"end":{"line":194,"column":null}}},"fnMap":{"0":{"name":"TransferProgress","decl":{"start":{"line":19,"column":16},"end":{"line":19,"column":33}},"loc":{"start":{"line":19,"column":123},"end":{"line":218,"column":null}},"line":19},"1":{"name":"(anonymous_1)","decl":{"start":{"line":23,"column":22},"end":{"line":23,"column":23}},"loc":{"start":{"line":23,"column":58},"end":{"line":29,"column":null}},"line":23},"2":{"name":"(anonymous_2)","decl":{"start":{"line":31,"column":23},"end":{"line":31,"column":24}},"loc":{"start":{"line":31,"column":87},"end":{"line":39,"column":null}},"line":31},"3":{"name":"(anonymous_3)","decl":{"start":{"line":41,"column":12},"end":{"line":41,"column":18}},"loc":{"start":{"line":41,"column":18},"end":{"line":115,"column":5}},"line":41},"4":{"name":"(anonymous_4)","decl":{"start":{"line":43,"column":32},"end":{"line":43,"column":33}},"loc":{"start":{"line":43,"column":91},"end":{"line":52,"column":null}},"line":43},"5":{"name":"(anonymous_5)","decl":{"start":{"line":44,"column":19},"end":{"line":44,"column":27}},"loc":{"start":{"line":44,"column":27},"end":{"line":51,"column":8}},"line":44},"6":{"name":"(anonymous_6)","decl":{"start":{"line":54,"column":35},"end":{"line":54,"column":36}},"loc":{"start":{"line":54,"column":149},"end":{"line":82,"column":null}},"line":54},"7":{"name":"(anonymous_7)","decl":{"start":{"line":55,"column":19},"end":{"line":55,"column":27}},"loc":{"start":{"line":55,"column":27},"end":{"line":81,"column":7}},"line":55},"8":{"name":"(anonymous_8)","decl":{"start":{"line":69,"column":23},"end":{"line":69,"column":29}},"loc":{"start":{"line":69,"column":29},"end":{"line":75,"column":15}},"line":69},"9":{"name":"(anonymous_9)","decl":{"start":{"line":70,"column":27},"end":{"line":70,"column":38}},"loc":{"start":{"line":70,"column":38},"end":{"line":74,"column":15}},"line":70},"10":{"name":"(anonymous_10)","decl":{"start":{"line":84,"column":36},"end":{"line":84,"column":37}},"loc":{"start":{"line":84,"column":76},"end":{"line":90,"column":null}},"line":84},"11":{"name":"(anonymous_11)","decl":{"start":{"line":85,"column":19},"end":{"line":85,"column":27}},"loc":{"start":{"line":85,"column":27},"end":{"line":89,"column":7}},"line":85},"12":{"name":"(anonymous_12)","decl":{"start":{"line":93,"column":30},"end":{"line":93,"column":31}},"loc":{"start":{"line":93,"column":140},"end":{"line":102,"column":null}},"line":93},"13":{"name":"(anonymous_13)","decl":{"start":{"line":109,"column":11},"end":{"line":109,"column":17}},"loc":{"start":{"line":109,"column":17},"end":{"line":114,"column":null}},"line":109},"14":{"name":"(anonymous_14)","decl":{"start":{"line":117,"column":31},"end":{"line":117,"column":38}},"loc":{"start":{"line":117,"column":57},"end":{"line":126,"column":null}},"line":117},"15":{"name":"(anonymous_15)","decl":{"start":{"line":121,"column":17},"end":{"line":121,"column":25}},"loc":{"start":{"line":121,"column":25},"end":{"line":125,"column":5}},"line":121},"16":{"name":"(anonymous_16)","decl":{"start":{"line":129,"column":12},"end":{"line":129,"column":18}},"loc":{"start":{"line":129,"column":18},"end":{"line":133,"column":5}},"line":129},"17":{"name":"(anonymous_17)","decl":{"start":{"line":180,"column":44},"end":{"line":180,"column":45}},"loc":{"start":{"line":181,"column":10},"end":{"line":213,"column":null}},"line":181},"18":{"name":"(anonymous_18)","decl":{"start":{"line":194,"column":27},"end":{"line":194,"column":33}},"loc":{"start":{"line":194,"column":33},"end":{"line":194,"column":null}},"line":194}},"branchMap":{"0":{"loc":{"start":{"line":24,"column":4},"end":{"line":24,"column":null}},"type":"if","locations":[{"start":{"line":24,"column":4},"end":{"line":24,"column":null}},{"start":{},"end":{}}],"line":24},"1":{"loc":{"start":{"line":25,"column":4},"end":{"line":27,"column":null}},"type":"if","locations":[{"start":{"line":25,"column":4},"end":{"line":27,"column":null}},{"start":{},"end":{}}],"line":25},"2":{"loc":{"start":{"line":32,"column":4},"end":{"line":32,"column":null}},"type":"if","locations":[{"start":{"line":32,"column":4},"end":{"line":32,"column":null}},{"start":{},"end":{}}],"line":32},"3":{"loc":{"start":{"line":36,"column":4},"end":{"line":36,"column":null}},"type":"if","locations":[{"start":{"line":36,"column":4},"end":{"line":36,"column":null}},{"start":{},"end":{}}],"line":36},"4":{"loc":{"start":{"line":37,"column":4},"end":{"line":37,"column":null}},"type":"if","locations":[{"start":{"line":37,"column":4},"end":{"line":37,"column":null}},{"start":{},"end":{}}],"line":37},"5":{"loc":{"start":{"line":57,"column":8},"end":{"line":79,"column":null}},"type":"if","locations":[{"start":{"line":57,"column":8},"end":{"line":79,"column":null}},{"start":{},"end":{}}],"line":57},"6":{"loc":{"start":{"line":64,"column":23},"end":{"line":64,"column":null}},"type":"binary-expr","locations":[{"start":{"line":64,"column":23},"end":{"line":64,"column":45}},{"start":{"line":64,"column":45},"end":{"line":64,"column":null}}],"line":64},"7":{"loc":{"start":{"line":68,"column":10},"end":{"line":76,"column":null}},"type":"if","locations":[{"start":{"line":68,"column":10},"end":{"line":76,"column":null}},{"start":{},"end":{}}],"line":68},"8":{"loc":{"start":{"line":130,"column":4},"end":{"line":132,"column":null}},"type":"if","locations":[{"start":{"line":130,"column":4},"end":{"line":132,"column":null}},{"start":{},"end":{}}],"line":130},"9":{"loc":{"start":{"line":135,"column":2},"end":{"line":135,"column":null}},"type":"if","locations":[{"start":{"line":135,"column":2},"end":{"line":135,"column":null}},{"start":{},"end":{}}],"line":135},"10":{"loc":{"start":{"line":135,"column":6},"end":{"line":135,"column":46}},"type":"binary-expr","locations":[{"start":{"line":135,"column":6},"end":{"line":135,"column":24}},{"start":{"line":135,"column":24},"end":{"line":135,"column":46}}],"line":135},"11":{"loc":{"start":{"line":140,"column":9},"end":{"line":177,"column":null}},"type":"binary-expr","locations":[{"start":{"line":140,"column":9},"end":{"line":140,"column":null}},{"start":{"line":141,"column":10},"end":{"line":177,"column":null}}],"line":140},"12":{"loc":{"start":{"line":145,"column":19},"end":{"line":145,"column":null}},"type":"cond-expr","locations":[{"start":{"line":145,"column":45},"end":{"line":145,"column":67}},{"start":{"line":145,"column":67},"end":{"line":145,"column":null}}],"line":145},"13":{"loc":{"start":{"line":148,"column":19},"end":{"line":153,"column":null}},"type":"cond-expr","locations":[{"start":{"line":149,"column":20},"end":{"line":152,"column":null}},{"start":{"line":153,"column":22},"end":{"line":153,"column":null}}],"line":148},"14":{"loc":{"start":{"line":151,"column":23},"end":{"line":151,"column":null}},"type":"binary-expr","locations":[{"start":{"line":151,"column":23},"end":{"line":151,"column":48}},{"start":{"line":151,"column":48},"end":{"line":151,"column":null}}],"line":151},"15":{"loc":{"start":{"line":156,"column":15},"end":{"line":163,"column":null}},"type":"binary-expr","locations":[{"start":{"line":156,"column":15},"end":{"line":156,"column":27}},{"start":{"line":156,"column":27},"end":{"line":156,"column":null}},{"start":{"line":157,"column":16},"end":{"line":163,"column":null}}],"line":156},"16":{"loc":{"start":{"line":175,"column":21},"end":{"line":175,"column":150}},"type":"cond-expr","locations":[{"start":{"line":175,"column":35},"end":{"line":175,"column":147}},{"start":{"line":175,"column":147},"end":{"line":175,"column":150}}],"line":175},"17":{"loc":{"start":{"line":185,"column":19},"end":{"line":185,"column":null}},"type":"cond-expr","locations":[{"start":{"line":185,"column":47},"end":{"line":185,"column":69}},{"start":{"line":185,"column":69},"end":{"line":185,"column":null}}],"line":185},"18":{"loc":{"start":{"line":189,"column":19},"end":{"line":189,"column":null}},"type":"binary-expr","locations":[{"start":{"line":189,"column":19},"end":{"line":189,"column":46}},{"start":{"line":189,"column":46},"end":{"line":189,"column":null}}],"line":189},"19":{"loc":{"start":{"line":192,"column":15},"end":{"line":199,"column":null}},"type":"binary-expr","locations":[{"start":{"line":192,"column":15},"end":{"line":192,"column":null}},{"start":{"line":193,"column":16},"end":{"line":199,"column":null}}],"line":192}},"s":{"0":6,"1":6,"2":6,"3":1,"4":1,"5":0,"6":0,"7":0,"8":6,"9":1,"10":1,"11":0,"12":0,"13":0,"14":0,"15":0,"16":0,"17":0,"18":6,"19":5,"20":1,"21":1,"22":5,"23":0,"24":0,"25":0,"26":0,"27":0,"28":0,"29":0,"30":0,"31":0,"32":0,"33":0,"34":0,"35":0,"36":5,"37":0,"38":0,"39":0,"40":0,"41":5,"42":0,"43":5,"44":5,"45":5,"46":5,"47":5,"48":5,"49":5,"50":5,"51":5,"52":6,"53":0,"54":0,"55":0,"56":0,"57":0,"58":6,"59":5,"60":2,"61":6,"62":2,"63":4,"64":1,"65":0},"f":{"0":6,"1":1,"2":1,"3":5,"4":1,"5":1,"6":0,"7":0,"8":0,"9":0,"10":0,"11":0,"12":0,"13":5,"14":0,"15":0,"16":5,"17":1,"18":0},"b":{"0":[1,0],"1":[0,0],"2":[1,0],"3":[0,0],"4":[0,0],"5":[0,0],"6":[0,0],"7":[0,0],"8":[2,3],"9":[2,4],"10":[6,3],"11":[4,3],"12":[1,2],"13":[0,3],"14":[0,0],"15":[3,3,2],"16":[0,3],"17":[0,1],"18":[1,1],"19":[1,1]},"meta":{"lastBranch":20,"lastFunction":19,"lastStatement":66,"seen":{"f:19:16:19:33":0,"s:20:32:20:Infinity":0,"s:21:36:21:Infinity":1,"s:23:22:29:Infinity":2,"f:23:22:23:23":1,"b:24:4:24:Infinity:undefined:undefined:undefined:undefined":0,"s:24:4:24:Infinity":3,"s:24:30:24:Infinity":4,"b:25:4:27:Infinity:undefined:undefined:undefined:undefined":1,"s:25:4:27:Infinity":5,"s:26:6:26:Infinity":6,"s:28:4:28:Infinity":7,"s:31:23:39:Infinity":8,"f:31:23:31:24":2,"b:32:4:32:Infinity:undefined:undefined:undefined:undefined":2,"s:32:4:32:Infinity":9,"s:32:20:32:Infinity":10,"s:33:27:33:Infinity":11,"s:34:20:34:Infinity":12,"b:36:4:36:Infinity:undefined:undefined:undefined:undefined":3,"s:36:4:36:Infinity":13,"s:36:22:36:Infinity":14,"b:37:4:37:Infinity:undefined:undefined:undefined:undefined":4,"s:37:4:37:Infinity":15,"s:37:24:37:Infinity":16,"s:38:4:38:Infinity":17,"s:41:2:115:Infinity":18,"f:41:12:41:18":3,"s:43:32:52:Infinity":19,"f:43:32:43:33":4,"s:44:6:51:Infinity":20,"f:44:19:44:27":5,"s:44:27:51:8":21,"s:54:35:82:Infinity":22,"f:54:35:54:36":6,"s:55:6:81:Infinity":23,"f:55:19:55:27":7,"s:56:25:56:Infinity":24,"b:57:8:79:Infinity:undefined:undefined:undefined:undefined":5,"s:57:8:79:Infinity":25,"s:58:25:58:Infinity":26,"s:59:10:65:Infinity":27,"b:64:23:64:45:64:45:64:Infinity":6,"b:68:10:76:Infinity:undefined:undefined:undefined:undefined":7,"s:68:10:76:Infinity":28,"s:69:12:75:Infinity":29,"f:69:23:69:29":8,"s:70:14:74:Infinity":30,"f:70:27:70:38":9,"s:71:32:71:Infinity":31,"s:72:16:72:Infinity":32,"s:73:16:73:Infinity":33,"s:78:10:78:Infinity":34,"s:80:8:80:Infinity":35,"s:84:36:90:Infinity":36,"f:84:36:84:37":10,"s:85:6:89:Infinity":37,"f:85:19:85:27":11,"s:86:23:86:Infinity":38,"s:87:8:87:Infinity":39,"s:88:8:88:Infinity":40,"s:93:30:102:Infinity":41,"f:93:30:93:31":12,"s:94:6:101:Infinity":42,"s:104:4:104:Infinity":43,"s:105:4:105:Infinity":44,"s:106:4:106:Infinity":45,"s:107:4:107:Infinity":46,"s:109:4:114:Infinity":47,"f:109:11:109:17":13,"s:110:6:110:Infinity":48,"s:111:6:111:Infinity":49,"s:112:6:112:Infinity":50,"s:113:6:113:Infinity":51,"s:117:31:126:Infinity":52,"f:117:31:117:38":14,"s:118:4:120:Infinity":53,"s:121:4:125:Infinity":54,"f:121:17:121:25":15,"s:122:21:122:Infinity":55,"s:123:6:123:Infinity":56,"s:124:6:124:Infinity":57,"s:129:2:133:Infinity":58,"f:129:12:129:18":16,"b:130:4:132:Infinity:undefined:undefined:undefined:undefined":8,"s:130:4:132:Infinity":59,"s:131:6:131:Infinity":60,"b:135:2:135:Infinity:undefined:undefined:undefined:undefined":9,"s:135:2:135:Infinity":61,"b:135:6:135:24:135:24:135:46":10,"s:135:46:135:Infinity":62,"s:137:2:216:Infinity":63,"b:140:9:140:Infinity:141:10:177:Infinity":11,"b:145:45:145:67:145:67:145:Infinity":12,"b:149:20:152:Infinity:153:22:153:Infinity":13,"b:151:23:151:48:151:48:151:Infinity":14,"b:156:15:156:27:156:27:156:Infinity:157:16:163:Infinity":15,"b:175:35:175:147:175:147:175:150":16,"f:180:44:180:45":17,"s:181:10:213:Infinity":64,"b:185:47:185:69:185:69:185:Infinity":17,"b:189:19:189:46:189:46:189:Infinity":18,"b:192:15:192:Infinity:193:16:199:Infinity":19,"f:194:27:194:33":18,"s:194:33:194:Infinity":65}}}
,"/Volumes/Mac T7/Projects/getransfr/getransfr-client/src/components/layout/AnimatedBackground.tsx": {"path":"/Volumes/Mac T7/Projects/getransfr/getransfr-client/src/components/layout/AnimatedBackground.tsx","statementMap":{"0":{"start":{"line":3,"column":34},"end":{"line":60,"column":null}},"1":{"start":{"line":4,"column":2},"end":{"line":58,"column":null}}},"fnMap":{"0":{"name":"(anonymous_0)","decl":{"start":{"line":3,"column":34},"end":{"line":3,"column":40}},"loc":{"start":{"line":3,"column":40},"end":{"line":60,"column":null}},"line":3}},"branchMap":{},"s":{"0":1,"1":2},"f":{"0":2},"b":{},"meta":{"lastBranch":0,"lastFunction":1,"lastStatement":2,"seen":{"s:3:34:60:Infinity":0,"f:3:34:3:40":0,"s:4:2:58:Infinity":1}}}
,"/Volumes/Mac T7/Projects/getransfr/getransfr-client/src/components/layout/Header.tsx": {"path":"/Volumes/Mac T7/Projects/getransfr/getransfr-client/src/components/layout/Header.tsx","statementMap":{"0":{"start":{"line":10,"column":34},"end":{"line":10,"column":null}},"1":{"start":{"line":11,"column":28},"end":{"line":11,"column":null}},"2":{"start":{"line":13,"column":2},"end":{"line":16,"column":null}},"3":{"start":{"line":15,"column":4},"end":{"line":15,"column":null}},"4":{"start":{"line":18,"column":2},"end":{"line":31,"column":null}},"5":{"start":{"line":19,"column":4},"end":{"line":19,"column":null}},"6":{"start":{"line":20,"column":18},"end":{"line":20,"column":null}},"7":{"start":{"line":21,"column":30},"end":{"line":21,"column":null}},"8":{"start":{"line":23,"column":19},"end":{"line":23,"column":null}},"9":{"start":{"line":24,"column":4},"end":{"line":24,"column":null}},"10":{"start":{"line":26,"column":4},"end":{"line":30,"column":null}},"11":{"start":{"line":27,"column":6},"end":{"line":27,"column":null}},"12":{"start":{"line":29,"column":6},"end":{"line":29,"column":null}},"13":{"start":{"line":33,"column":2},"end":{"line":41,"column":null}},"14":{"start":{"line":35,"column":4},"end":{"line":35,"column":null}},"15":{"start":{"line":36,"column":4},"end":{"line":36,"column":null}},"16":{"start":{"line":37,"column":4},"end":{"line":40,"column":null}},"17":{"start":{"line":38,"column":6},"end":{"line":38,"column":null}},"18":{"start":{"line":39,"column":6},"end":{"line":39,"column":null}},"19":{"start":{"line":43,"column":25},"end":{"line":54,"column":null}},"20":{"start":{"line":44,"column":24},"end":{"line":44,"column":null}},"21":{"start":{"line":45,"column":4},"end":{"line":45,"column":null}},"22":{"start":{"line":47,"column":4},"end":{"line":53,"column":null}},"23":{"start":{"line":48,"column":6},"end":{"line":48,"column":null}},"24":{"start":{"line":49,"column":6},"end":{"line":49,"column":null}},"25":{"start":{"line":51,"column":6},"end":{"line":51,"column":null}},"26":{"start":{"line":52,"column":6},"end":{"line":52,"column":null}},"27":{"start":{"line":55,"column":2},"end":{"line":59,"column":null}},"28":{"start":{"line":56,"column":4},"end":{"line":58,"column":null}},"29":{"start":{"line":57,"column":6},"end":{"line":57,"column":null}},"30":{"start":{"line":61,"column":2},"end":{"line":82,"column":null}},"31":{"start":{"line":64,"column":23},"end":{"line":64,"column":null}},"32":{"start":{"line":66,"column":15},"end":{"line":66,"column":null}},"33":{"start":{"line":70,"column":4},"end":{"line":78,"column":null}},"34":{"start":{"line":72,"column":8},"end":{"line":72,"column":null}},"35":{"start":{"line":72,"column":75},"end":{"line":72,"column":85}},"36":{"start":{"line":75,"column":8},"end":{"line":75,"column":null}},"37":{"start":{"line":76,"column":8},"end":{"line":76,"column":null}},"38":{"start":{"line":77,"column":8},"end":{"line":77,"column":null}},"39":{"start":{"line":80,"column":4},"end":{"line":80,"column":null}},"40":{"start":{"line":84,"column":2},"end":{"line":86,"column":null}},"41":{"start":{"line":85,"column":4},"end":{"line":85,"column":null}},"42":{"start":{"line":89,"column":2},"end":{"line":130,"column":null}}},"fnMap":{"0":{"name":"Header","decl":{"start":{"line":9,"column":16},"end":{"line":9,"column":23}},"loc":{"start":{"line":9,"column":55},"end":{"line":132,"column":null}},"line":9},"1":{"name":"(anonymous_1)","decl":{"start":{"line":13,"column":12},"end":{"line":13,"column":18}},"loc":{"start":{"line":13,"column":18},"end":{"line":16,"column":5}},"line":13},"2":{"name":"(anonymous_2)","decl":{"start":{"line":18,"column":12},"end":{"line":18,"column":18}},"loc":{"start":{"line":18,"column":18},"end":{"line":31,"column":5}},"line":18},"3":{"name":"(anonymous_3)","decl":{"start":{"line":33,"column":12},"end":{"line":33,"column":18}},"loc":{"start":{"line":33,"column":18},"end":{"line":41,"column":5}},"line":33},"4":{"name":"(anonymous_4)","decl":{"start":{"line":37,"column":11},"end":{"line":37,"column":17}},"loc":{"start":{"line":37,"column":17},"end":{"line":40,"column":null}},"line":37},"5":{"name":"(anonymous_5)","decl":{"start":{"line":43,"column":25},"end":{"line":43,"column":31}},"loc":{"start":{"line":43,"column":31},"end":{"line":54,"column":null}},"line":43},"6":{"name":"(anonymous_6)","decl":{"start":{"line":55,"column":12},"end":{"line":55,"column":18}},"loc":{"start":{"line":55,"column":18},"end":{"line":59,"column":5}},"line":55},"7":{"name":"(anonymous_7)","decl":{"start":{"line":61,"column":12},"end":{"line":61,"column":18}},"loc":{"start":{"line":61,"column":18},"end":{"line":82,"column":5}},"line":61},"8":{"name":"(anonymous_8)","decl":{"start":{"line":72,"column":70},"end":{"line":72,"column":75}},"loc":{"start":{"line":72,"column":75},"end":{"line":72,"column":85}},"line":72}},"branchMap":{"0":{"loc":{"start":{"line":23,"column":19},"end":{"line":23,"column":null}},"type":"binary-expr","locations":[{"start":{"line":23,"column":19},"end":{"line":23,"column":40}},{"start":{"line":23,"column":40},"end":{"line":23,"column":50}},{"start":{"line":23,"column":50},"end":{"line":23,"column":null}}],"line":23},"1":{"loc":{"start":{"line":26,"column":4},"end":{"line":30,"column":null}},"type":"if","locations":[{"start":{"line":26,"column":4},"end":{"line":30,"column":null}},{"start":{"line":28,"column":11},"end":{"line":30,"column":null}}],"line":26},"2":{"loc":{"start":{"line":47,"column":4},"end":{"line":53,"column":null}},"type":"if","locations":[{"start":{"line":47,"column":4},"end":{"line":53,"column":null}},{"start":{"line":50,"column":11},"end":{"line":53,"column":null}}],"line":47},"3":{"loc":{"start":{"line":56,"column":4},"end":{"line":58,"column":null}},"type":"if","locations":[{"start":{"line":56,"column":4},"end":{"line":58,"column":null}},{"start":{},"end":{}}],"line":56},"4":{"loc":{"start":{"line":64,"column":23},"end":{"line":64,"column":null}},"type":"cond-expr","locations":[{"start":{"line":64,"column":36},"end":{"line":64,"column":48}},{"start":{"line":64,"column":48},"end":{"line":64,"column":null}}],"line":64},"5":{"loc":{"start":{"line":70,"column":4},"end":{"line":78,"column":null}},"type":"if","locations":[{"start":{"line":70,"column":4},"end":{"line":78,"column":null}},{"start":{},"end":{}}],"line":70},"6":{"loc":{"start":{"line":70,"column":8},"end":{"line":70,"column":45}},"type":"binary-expr","locations":[{"start":{"line":70,"column":8},"end":{"line":70,"column":17}},{"start":{"line":70,"column":17},"end":{"line":70,"column":45}}],"line":70},"7":{"loc":{"start":{"line":84,"column":2},"end":{"line":86,"column":null}},"type":"if","locations":[{"start":{"line":84,"column":2},"end":{"line":86,"column":null}},{"start":{},"end":{}}],"line":84},"8":{"loc":{"start":{"line":105,"column":99},"end":{"line":105,"column":177}},"type":"cond-expr","locations":[{"start":{"line":105,"column":112},"end":{"line":105,"column":147}},{"start":{"line":105,"column":147},"end":{"line":105,"column":177}}],"line":105},"9":{"loc":{"start":{"line":106,"column":98},"end":{"line":106,"column":178}},"type":"cond-expr","locations":[{"start":{"line":106,"column":112},"end":{"line":106,"column":147}},{"start":{"line":106,"column":147},"end":{"line":106,"column":178}}],"line":106},"10":{"loc":{"start":{"line":111,"column":9},"end":{"line":127,"column":null}},"type":"binary-expr","locations":[{"start":{"line":111,"column":9},"end":{"line":111,"column":26}},{"start":{"line":111,"column":26},"end":{"line":111,"column":null}},{"start":{"line":112,"column":10},"end":{"line":127,"column":null}}],"line":111}},"s":{"0":12,"1":12,"2":12,"3":5,"4":12,"5":5,"6":5,"7":5,"8":5,"9":5,"10":5,"11":0,"12":5,"13":12,"14":5,"15":5,"16":5,"17":5,"18":5,"19":12,"20":2,"21":2,"22":2,"23":1,"24":1,"25":1,"26":1,"27":12,"28":5,"29":1,"30":12,"31":7,"32":7,"33":7,"34":1,"35":0,"36":1,"37":1,"38":1,"39":7,"40":12,"41":5,"42":7},"f":{"0":12,"1":5,"2":5,"3":5,"4":5,"5":2,"6":5,"7":7,"8":0},"b":{"0":[5,5,5],"1":[0,5],"2":[1,1],"3":[1,4],"4":[1,6],"5":[1,6],"6":[7,6],"7":[5,7],"8":[1,6],"9":[6,1],"10":[12,1,1]},"meta":{"lastBranch":11,"lastFunction":9,"lastStatement":43,"seen":{"f:9:16:9:23":0,"s:10:34:10:Infinity":0,"s:11:28:11:Infinity":1,"s:13:2:16:Infinity":2,"f:13:12:13:18":1,"s:15:4:15:Infinity":3,"s:18:2:31:Infinity":4,"f:18:12:18:18":2,"s:19:4:19:Infinity":5,"s:20:18:20:Infinity":6,"s:21:30:21:Infinity":7,"s:23:19:23:Infinity":8,"b:23:19:23:40:23:40:23:50:23:50:23:Infinity":0,"s:24:4:24:Infinity":9,"b:26:4:30:Infinity:28:11:30:Infinity":1,"s:26:4:30:Infinity":10,"s:27:6:27:Infinity":11,"s:29:6:29:Infinity":12,"s:33:2:41:Infinity":13,"f:33:12:33:18":3,"s:35:4:35:Infinity":14,"s:36:4:36:Infinity":15,"s:37:4:40:Infinity":16,"f:37:11:37:17":4,"s:38:6:38:Infinity":17,"s:39:6:39:Infinity":18,"s:43:25:54:Infinity":19,"f:43:25:43:31":5,"s:44:24:44:Infinity":20,"s:45:4:45:Infinity":21,"b:47:4:53:Infinity:50:11:53:Infinity":2,"s:47:4:53:Infinity":22,"s:48:6:48:Infinity":23,"s:49:6:49:Infinity":24,"s:51:6:51:Infinity":25,"s:52:6:52:Infinity":26,"s:55:2:59:Infinity":27,"f:55:12:55:18":6,"b:56:4:58:Infinity:undefined:undefined:undefined:undefined":3,"s:56:4:58:Infinity":28,"s:57:6:57:Infinity":29,"s:61:2:82:Infinity":30,"f:61:12:61:18":7,"s:64:23:64:Infinity":31,"b:64:36:64:48:64:48:64:Infinity":4,"s:66:15:66:Infinity":32,"b:70:4:78:Infinity:undefined:undefined:undefined:undefined":5,"s:70:4:78:Infinity":33,"b:70:8:70:17:70:17:70:45":6,"s:72:8:72:Infinity":34,"f:72:70:72:75":8,"s:72:75:72:85":35,"s:75:8:75:Infinity":36,"s:76:8:76:Infinity":37,"s:77:8:77:Infinity":38,"s:80:4:80:Infinity":39,"b:84:2:86:Infinity:undefined:undefined:undefined:undefined":7,"s:84:2:86:Infinity":40,"s:85:4:85:Infinity":41,"s:89:2:130:Infinity":42,"b:105:112:105:147:105:147:105:177":8,"b:106:112:106:147:106:147:106:178":9,"b:111:9:111:26:111:26:111:Infinity:112:10:127:Infinity":10}}}
,"/Volumes/Mac T7/Projects/getransfr/getransfr-client/src/components/modals/ErrorModal.tsx": {"path":"/Volumes/Mac T7/Projects/getransfr/getransfr-client/src/components/modals/ErrorModal.tsx","statementMap":{"0":{"start":{"line":9,"column":2},"end":{"line":32,"column":null}}},"fnMap":{"0":{"name":"ErrorModal","decl":{"start":{"line":8,"column":16},"end":{"line":8,"column":27}},"loc":{"start":{"line":8,"column":66},"end":{"line":34,"column":null}},"line":8}},"branchMap":{},"s":{"0":3},"f":{"0":3},"b":{},"meta":{"lastBranch":0,"lastFunction":1,"lastStatement":1,"seen":{"f:8:16:8:27":0,"s:9:2:32:Infinity":0}}}
,"/Volumes/Mac T7/Projects/getransfr/getransfr-client/src/components/modals/FileTransferModal.tsx": {"path":"/Volumes/Mac T7/Projects/getransfr/getransfr-client/src/components/modals/FileTransferModal.tsx","statementMap":{"0":{"start":{"line":11,"column":32},"end":{"line":11,"column":null}},"1":{"start":{"line":13,"column":2},"end":{"line":16,"column":null}},"2":{"start":{"line":14,"column":17},"end":{"line":14,"column":null}},"3":{"start":{"line":14,"column":45},"end":{"line":14,"column":62}},"4":{"start":{"line":15,"column":4},"end":{"line":15,"column":null}},"5":{"start":{"line":18,"column":21},"end":{"line":24,"column":null}},"6":{"start":{"line":19,"column":4},"end":{"line":19,"column":null}},"7":{"start":{"line":19,"column":21},"end":{"line":19,"column":null}},"8":{"start":{"line":20,"column":14},"end":{"line":20,"column":null}},"9":{"start":{"line":21,"column":18},"end":{"line":21,"column":null}},"10":{"start":{"line":22,"column":14},"end":{"line":22,"column":null}},"11":{"start":{"line":23,"column":4},"end":{"line":23,"column":null}},"12":{"start":{"line":26,"column":2},"end":{"line":73,"column":null}},"13":{"start":{"line":43,"column":14},"end":{"line":49,"column":null}}},"fnMap":{"0":{"name":"FileTransferModal","decl":{"start":{"line":10,"column":16},"end":{"line":10,"column":34}},"loc":{"start":{"line":10,"column":90},"end":{"line":75,"column":null}},"line":10},"1":{"name":"(anonymous_1)","decl":{"start":{"line":13,"column":12},"end":{"line":13,"column":18}},"loc":{"start":{"line":13,"column":18},"end":{"line":16,"column":5}},"line":13},"2":{"name":"(anonymous_2)","decl":{"start":{"line":14,"column":30},"end":{"line":14,"column":31}},"loc":{"start":{"line":14,"column":45},"end":{"line":14,"column":62}},"line":14},"3":{"name":"(anonymous_3)","decl":{"start":{"line":18,"column":21},"end":{"line":18,"column":22}},"loc":{"start":{"line":18,"column":40},"end":{"line":24,"column":null}},"line":18},"4":{"name":"(anonymous_4)","decl":{"start":{"line":42,"column":23},"end":{"line":42,"column":24}},"loc":{"start":{"line":43,"column":14},"end":{"line":49,"column":null}},"line":43}},"branchMap":{"0":{"loc":{"start":{"line":19,"column":4},"end":{"line":19,"column":null}},"type":"if","locations":[{"start":{"line":19,"column":4},"end":{"line":19,"column":null}},{"start":{},"end":{}}],"line":19},"1":{"loc":{"start":{"line":38,"column":55},"end":{"line":38,"column":83}},"type":"cond-expr","locations":[{"start":{"line":38,"column":74},"end":{"line":38,"column":80}},{"start":{"line":38,"column":80},"end":{"line":38,"column":83}}],"line":38}},"s":{"0":8,"1":8,"2":4,"3":8,"4":4,"5":8,"6":20,"7":0,"8":20,"9":20,"10":20,"11":20,"12":8,"13":16},"f":{"0":8,"1":4,"2":8,"3":20,"4":16},"b":{"0":[0,20],"1":[8,0]},"meta":{"lastBranch":2,"lastFunction":5,"lastStatement":14,"seen":{"f:10:16:10:34":0,"s:11:32:11:Infinity":0,"s:13:2:16:Infinity":1,"f:13:12:13:18":1,"s:14:17:14:Infinity":2,"f:14:30:14:31":2,"s:14:45:14:62":3,"s:15:4:15:Infinity":4,"s:18:21:24:Infinity":5,"f:18:21:18:22":3,"b:19:4:19:Infinity:undefined:undefined:undefined:undefined":0,"s:19:4:19:Infinity":6,"s:19:21:19:Infinity":7,"s:20:14:20:Infinity":8,"s:21:18:21:Infinity":9,"s:22:14:22:Infinity":10,"s:23:4:23:Infinity":11,"s:26:2:73:Infinity":12,"b:38:74:38:80:38:80:38:83":1,"f:42:23:42:24":4,"s:43:14:49:Infinity":13}}}
,"/Volumes/Mac T7/Projects/getransfr/getransfr-client/src/components/navigation/BottomNav.tsx": {"path":"/Volumes/Mac T7/Projects/getransfr/getransfr-client/src/components/navigation/BottomNav.tsx","statementMap":{"0":{"start":{"line":10,"column":2},"end":{"line":55,"column":null}},"1":{"start":{"line":14,"column":25},"end":{"line":14,"column":null}},"2":{"start":{"line":35,"column":25},"end":{"line":35,"column":null}}},"fnMap":{"0":{"name":"BottomNav","decl":{"start":{"line":9,"column":16},"end":{"line":9,"column":26}},"loc":{"start":{"line":9,"column":70},"end":{"line":57,"column":null}},"line":9},"1":{"name":"(anonymous_1)","decl":{"start":{"line":14,"column":19},"end":{"line":14,"column":25}},"loc":{"start":{"line":14,"column":25},"end":{"line":14,"column":null}},"line":14},"2":{"name":"(anonymous_2)","decl":{"start":{"line":35,"column":19},"end":{"line":35,"column":25}},"loc":{"start":{"line":35,"column":25},"end":{"line":35,"column":null}},"line":35}},"branchMap":{"0":{"loc":{"start":{"line":16,"column":12},"end":{"line":18,"column":null}},"type":"cond-expr","locations":[{"start":{"line":17,"column":16},"end":{"line":17,"column":null}},{"start":{"line":18,"column":16},"end":{"line":18,"column":null}}],"line":16},"1":{"loc":{"start":{"line":21,"column":11},"end":{"line":26,"column":null}},"type":"binary-expr","locations":[{"start":{"line":21,"column":11},"end":{"line":21,"column":null}},{"start":{"line":22,"column":12},"end":{"line":26,"column":null}}],"line":21},"2":{"loc":{"start":{"line":37,"column":12},"end":{"line":39,"column":null}},"type":"cond-expr","locations":[{"start":{"line":38,"column":16},"end":{"line":38,"column":null}},{"start":{"line":39,"column":16},"end":{"line":39,"column":null}}],"line":37},"3":{"loc":{"start":{"line":42,"column":11},"end":{"line":47,"column":null}},"type":"binary-expr","locations":[{"start":{"line":42,"column":11},"end":{"line":42,"column":null}},{"start":{"line":43,"column":12},"end":{"line":47,"column":null}}],"line":42}},"s":{"0":5,"1":1,"2":1},"f":{"0":5,"1":1,"2":1},"b":{"0":[3,2],"1":[5,3],"2":[2,3],"3":[5,2]},"meta":{"lastBranch":4,"lastFunction":3,"lastStatement":3,"seen":{"f:9:16:9:26":0,"s:10:2:55:Infinity":0,"f:14:19:14:25":1,"s:14:25:14:Infinity":1,"b:17:16:17:Infinity:18:16:18:Infinity":0,"b:21:11:21:Infinity:22:12:26:Infinity":1,"f:35:19:35:25":2,"s:35:25:35:Infinity":2,"b:38:16:38:Infinity:39:16:39:Infinity":2,"b:42:11:42:Infinity:43:12:47:Infinity":3}}}
,"/Volumes/Mac T7/Projects/getransfr/getransfr-client/src/components/views/ReceiveView.tsx": {"path":"/Volumes/Mac T7/Projects/getransfr/getransfr-client/src/components/views/ReceiveView.tsx","statementMap":{"0":{"start":{"line":10,"column":26},"end":{"line":18,"column":null}},"1":{"start":{"line":20,"column":21},"end":{"line":31,"column":null}},"2":{"start":{"line":34,"column":2},"end":{"line":104,"column":null}},"3":{"start":{"line":43,"column":10},"end":{"line":58,"column":null}}},"fnMap":{"0":{"name":"ReceiveView","decl":{"start":{"line":33,"column":16},"end":{"line":33,"column":28}},"loc":{"start":{"line":33,"column":65},"end":{"line":106,"column":null}},"line":33},"1":{"name":"(anonymous_1)","decl":{"start":{"line":42,"column":23},"end":{"line":42,"column":24}},"loc":{"start":{"line":43,"column":10},"end":{"line":58,"column":null}},"line":43}},"branchMap":{"0":{"loc":{"start":{"line":71,"column":19},"end":{"line":71,"column":null}},"type":"binary-expr","locations":[{"start":{"line":71,"column":19},"end":{"line":71,"column":44}},{"start":{"line":71,"column":44},"end":{"line":71,"column":null}}],"line":71}},"s":{"0":1,"1":1,"2":3,"3":9},"f":{"0":3,"1":9},"b":{"0":[3,0]},"meta":{"lastBranch":1,"lastFunction":2,"lastStatement":4,"seen":{"s:10:26:18:Infinity":0,"s:20:21:31:Infinity":1,"f:33:16:33:28":0,"s:34:2:104:Infinity":2,"f:42:23:42:24":1,"s:43:10:58:Infinity":3,"b:71:19:71:44:71:44:71:Infinity":0}}}
,"/Volumes/Mac T7/Projects/getransfr/getransfr-client/src/components/views/SendView.tsx": {"path":"/Volumes/Mac T7/Projects/getransfr/getransfr-client/src/components/views/SendView.tsx","statementMap":{"0":{"start":{"line":26,"column":28},"end":{"line":34,"column":null}},"1":{"start":{"line":36,"column":23},"end":{"line":43,"column":null}},"2":{"start":{"line":45,"column":2},"end":{"line":68,"column":null}}},"fnMap":{"0":{"name":"SendView","decl":{"start":{"line":16,"column":16},"end":{"line":16,"column":25}},"loc":{"start":{"line":24,"column":18},"end":{"line":70,"column":null}},"line":24}},"branchMap":{},"s":{"0":2,"1":2,"2":2},"f":{"0":2},"b":{},"meta":{"lastBranch":0,"lastFunction":1,"lastStatement":3,"seen":{"f:16:16:16:25":0,"s:26:28:34:Infinity":0,"s:36:23:43:Infinity":1,"s:45:2:68:Infinity":2}}}
}
